[debug] [2023-11-28T17:37:46.087Z] ----------------------------------------------------------------------
[debug] [2023-11-28T17:37:46.096Z] Command:       /Users/huanglily/.nvm/versions/node/v20.9.0/bin/node /Users/huanglily/.nvm/versions/node/v20.9.0/bin/firebase deploy
[debug] [2023-11-28T17:37:46.096Z] CLI Version:   12.9.1
[debug] [2023-11-28T17:37:46.096Z] Platform:      darwin
[debug] [2023-11-28T17:37:46.096Z] Node Version:  v20.9.0
[debug] [2023-11-28T17:37:46.097Z] Time:          Tue Nov 28 2023 10:37:46 GMT-0700 (Mountain Standard Time)
[debug] [2023-11-28T17:37:46.097Z] ----------------------------------------------------------------------
[debug] 
[debug] [2023-11-28T17:37:46.101Z] >>> [apiv2][query] GET https://firebase-public.firebaseio.com/cli.json [none]
[debug] [2023-11-28T17:37:46.197Z] > command requires scopes: ["email","openid","https://www.googleapis.com/auth/cloudplatformprojects.readonly","https://www.googleapis.com/auth/firebase","https://www.googleapis.com/auth/cloud-platform"]
[debug] [2023-11-28T17:37:46.197Z] > authorizing via signed-in user (l613426210@gmail.com)
[debug] [2023-11-28T17:37:46.198Z] [iam] checking project plums-9f5fa for permissions ["firebase.projects.get","firebasehosting.sites.update"]
[debug] [2023-11-28T17:37:46.198Z] > refreshing access token with scopes: []
[debug] [2023-11-28T17:37:46.199Z] >>> [apiv2][query] POST https://www.googleapis.com/oauth2/v3/token [none]
[debug] [2023-11-28T17:37:46.199Z] >>> [apiv2][body] POST https://www.googleapis.com/oauth2/v3/token [omitted]
[debug] [2023-11-28T17:37:46.476Z] <<< [apiv2][status] POST https://www.googleapis.com/oauth2/v3/token 200
[debug] [2023-11-28T17:37:46.477Z] <<< [apiv2][body] POST https://www.googleapis.com/oauth2/v3/token [omitted]
[debug] [2023-11-28T17:37:46.489Z] >>> [apiv2][query] POST https://cloudresourcemanager.googleapis.com/v1/projects/plums-9f5fa:testIamPermissions [none]
[debug] [2023-11-28T17:37:46.490Z] >>> [apiv2][(partial)header] POST https://cloudresourcemanager.googleapis.com/v1/projects/plums-9f5fa:testIamPermissions x-goog-quota-user=projects/plums-9f5fa
[debug] [2023-11-28T17:37:46.490Z] >>> [apiv2][body] POST https://cloudresourcemanager.googleapis.com/v1/projects/plums-9f5fa:testIamPermissions {"permissions":["firebase.projects.get","firebasehosting.sites.update"]}
[debug] [2023-11-28T17:37:46.582Z] <<< [apiv2][status] GET https://firebase-public.firebaseio.com/cli.json 200
[debug] [2023-11-28T17:37:46.582Z] <<< [apiv2][body] GET https://firebase-public.firebaseio.com/cli.json {"cloudBuildErrorAfter":1594252800000,"cloudBuildWarnAfter":1590019200000,"defaultNode10After":1594252800000,"minVersion":"3.0.5","node8DeploysDisabledAfter":1613390400000,"node8RuntimeDisabledAfter":1615809600000,"node8WarnAfter":1600128000000}
[debug] [2023-11-28T17:37:46.936Z] <<< [apiv2][status] POST https://cloudresourcemanager.googleapis.com/v1/projects/plums-9f5fa:testIamPermissions 200
[debug] [2023-11-28T17:37:46.936Z] <<< [apiv2][body] POST https://cloudresourcemanager.googleapis.com/v1/projects/plums-9f5fa:testIamPermissions {"permissions":["firebase.projects.get","firebasehosting.sites.update"]}
[debug] [2023-11-28T17:37:46.937Z] >>> [apiv2][query] GET https://firebase.googleapis.com/v1beta1/projects/plums-9f5fa [none]
[debug] [2023-11-28T17:37:47.392Z] <<< [apiv2][status] GET https://firebase.googleapis.com/v1beta1/projects/plums-9f5fa 200
[debug] [2023-11-28T17:37:47.392Z] <<< [apiv2][body] GET https://firebase.googleapis.com/v1beta1/projects/plums-9f5fa {"projectId":"plums-9f5fa","projectNumber":"755777957305","displayName":"PLUMS","name":"projects/plums-9f5fa","resources":{"hostingSite":"plums-9f5fa"},"state":"ACTIVE","etag":"1_4f0e2d63-ba7b-4583-af4f-158619e16576"}
[info] 
   Thank you for trying our early preview of Next.js support on Firebase Hosting.
   During the preview, support is best-effort and breaking changes can be expected. Proceed with caution.

   Documentation: https://firebase.google.com/docs/hosting/frameworks/nextjs
   File a bug: https://github.com/firebase/firebase-tools/issues/new?template=bug_report.md
   Submit a feature request: https://github.com/firebase/firebase-tools/issues/new?template=feature_request.md

   We'd love to learn from you. Express your interest in helping us shape the future of Firebase Hosting: https://goo.gle/41enW5X

[info]    Creating an optimized production build ...

[info]  ✓ Compiled successfully

[info]    Linting and checking validity of types ...

[info] Failed to compile.


[info] ./src/components/hamburger.tsx:12:21
Type error: Object is possibly 'null'.

  10 |             <Hamburger onToggle={toggled => {
  11 |                 if (toggled) {
> 12 |                     document.getElementById("menu").style.transform = "translate(-200px, 0px)";
     |                     ^
  13 |                 } else {
  14 |                     document.getElementById("menu").style.transform = "translate(400px, 0px)";   
  15 |                 }

[debug] [2023-11-28T17:37:55.572Z] Error: ENOENT: no such file or directory, open '/Users/huanglily/Documents/GitHub/plums/.next/export-marker.json'
[error] 
[error] Error: An unexpected error has occurred.
[debug] [2023-11-28T17:56:24.043Z] ----------------------------------------------------------------------
[debug] [2023-11-28T17:56:24.051Z] Command:       /Users/huanglily/.nvm/versions/node/v20.9.0/bin/node /Users/huanglily/.nvm/versions/node/v20.9.0/bin/firebase deploy
[debug] [2023-11-28T17:56:24.051Z] CLI Version:   12.9.1
[debug] [2023-11-28T17:56:24.051Z] Platform:      darwin
[debug] [2023-11-28T17:56:24.051Z] Node Version:  v20.9.0
[debug] [2023-11-28T17:56:24.051Z] Time:          Tue Nov 28 2023 10:56:24 GMT-0700 (Mountain Standard Time)
[debug] [2023-11-28T17:56:24.051Z] ----------------------------------------------------------------------
[debug] 
[debug] [2023-11-28T17:56:24.109Z] > command requires scopes: ["email","openid","https://www.googleapis.com/auth/cloudplatformprojects.readonly","https://www.googleapis.com/auth/firebase","https://www.googleapis.com/auth/cloud-platform"]
[debug] [2023-11-28T17:56:24.109Z] > authorizing via signed-in user (l613426210@gmail.com)
[debug] [2023-11-28T17:56:24.109Z] [iam] checking project plums-9f5fa for permissions ["firebase.projects.get","firebasehosting.sites.update"]
[debug] [2023-11-28T17:56:24.111Z] >>> [apiv2][query] POST https://cloudresourcemanager.googleapis.com/v1/projects/plums-9f5fa:testIamPermissions [none]
[debug] [2023-11-28T17:56:24.111Z] >>> [apiv2][(partial)header] POST https://cloudresourcemanager.googleapis.com/v1/projects/plums-9f5fa:testIamPermissions x-goog-quota-user=projects/plums-9f5fa
[debug] [2023-11-28T17:56:24.111Z] >>> [apiv2][body] POST https://cloudresourcemanager.googleapis.com/v1/projects/plums-9f5fa:testIamPermissions {"permissions":["firebase.projects.get","firebasehosting.sites.update"]}
[debug] [2023-11-28T17:56:24.701Z] <<< [apiv2][status] POST https://cloudresourcemanager.googleapis.com/v1/projects/plums-9f5fa:testIamPermissions 200
[debug] [2023-11-28T17:56:24.702Z] <<< [apiv2][body] POST https://cloudresourcemanager.googleapis.com/v1/projects/plums-9f5fa:testIamPermissions {"permissions":["firebase.projects.get","firebasehosting.sites.update"]}
[debug] [2023-11-28T17:56:24.703Z] >>> [apiv2][query] GET https://firebase.googleapis.com/v1beta1/projects/plums-9f5fa [none]
[debug] [2023-11-28T17:56:25.051Z] <<< [apiv2][status] GET https://firebase.googleapis.com/v1beta1/projects/plums-9f5fa 200
[debug] [2023-11-28T17:56:25.052Z] <<< [apiv2][body] GET https://firebase.googleapis.com/v1beta1/projects/plums-9f5fa {"projectId":"plums-9f5fa","projectNumber":"755777957305","displayName":"PLUMS","name":"projects/plums-9f5fa","resources":{"hostingSite":"plums-9f5fa"},"state":"ACTIVE","etag":"1_4f0e2d63-ba7b-4583-af4f-158619e16576"}
[info] 
   Thank you for trying our early preview of Next.js support on Firebase Hosting.
   During the preview, support is best-effort and breaking changes can be expected. Proceed with caution.

   Documentation: https://firebase.google.com/docs/hosting/frameworks/nextjs
   File a bug: https://github.com/firebase/firebase-tools/issues/new?template=bug_report.md
   Submit a feature request: https://github.com/firebase/firebase-tools/issues/new?template=feature_request.md

   We'd love to learn from you. Express your interest in helping us shape the future of Firebase Hosting: https://goo.gle/41enW5X

[info]    Creating an optimized production build ...

[info] Warning: For production Image Optimization with Next.js, the optional 'sharp' package is strongly recommended. Run 'npm i sharp', and Next.js will use it automatically for Image Optimization.
Read more: https://nextjs.org/docs/messages/sharp-missing-in-production

[info]  ✓ Compiled successfully

[info]    Linting and checking validity of types ...

[info] Failed to compile.


[info] ./src/components/hamburger.tsx:14:21
Type error: Object is possibly 'null'.

  12 |             <Hamburger onToggle={toggled => {
  13 |                 if (toggled) {
> 14 |                     document.getElementById("menu").style.transform = "translate(-200px, 0px)";
     |                     ^
  15 |                 } else {
  16 |                     document.getElementById("menu").style.transform = "translate(400px, 0px)";   
  17 |                 }

[debug] [2023-11-28T17:56:34.399Z] Error: ENOENT: no such file or directory, open '/Users/huanglily/Documents/GitHub/plums/.next/export-marker.json'
[error] 
[error] Error: An unexpected error has occurred.
[debug] [2023-11-28T17:59:36.076Z] ----------------------------------------------------------------------
[debug] [2023-11-28T17:59:36.084Z] Command:       /Users/huanglily/.nvm/versions/node/v20.9.0/bin/node /Users/huanglily/.nvm/versions/node/v20.9.0/bin/firebase deploy
[debug] [2023-11-28T17:59:36.084Z] CLI Version:   12.9.1
[debug] [2023-11-28T17:59:36.084Z] Platform:      darwin
[debug] [2023-11-28T17:59:36.084Z] Node Version:  v20.9.0
[debug] [2023-11-28T17:59:36.084Z] Time:          Tue Nov 28 2023 10:59:36 GMT-0700 (Mountain Standard Time)
[debug] [2023-11-28T17:59:36.084Z] ----------------------------------------------------------------------
[debug] 
[debug] [2023-11-28T17:59:36.144Z] > command requires scopes: ["email","openid","https://www.googleapis.com/auth/cloudplatformprojects.readonly","https://www.googleapis.com/auth/firebase","https://www.googleapis.com/auth/cloud-platform"]
[debug] [2023-11-28T17:59:36.145Z] > authorizing via signed-in user (l613426210@gmail.com)
[debug] [2023-11-28T17:59:36.145Z] [iam] checking project plums-9f5fa for permissions ["firebase.projects.get","firebasehosting.sites.update"]
[debug] [2023-11-28T17:59:36.146Z] >>> [apiv2][query] POST https://cloudresourcemanager.googleapis.com/v1/projects/plums-9f5fa:testIamPermissions [none]
[debug] [2023-11-28T17:59:36.146Z] >>> [apiv2][(partial)header] POST https://cloudresourcemanager.googleapis.com/v1/projects/plums-9f5fa:testIamPermissions x-goog-quota-user=projects/plums-9f5fa
[debug] [2023-11-28T17:59:36.147Z] >>> [apiv2][body] POST https://cloudresourcemanager.googleapis.com/v1/projects/plums-9f5fa:testIamPermissions {"permissions":["firebase.projects.get","firebasehosting.sites.update"]}
[debug] [2023-11-28T17:59:36.569Z] <<< [apiv2][status] POST https://cloudresourcemanager.googleapis.com/v1/projects/plums-9f5fa:testIamPermissions 200
[debug] [2023-11-28T17:59:36.569Z] <<< [apiv2][body] POST https://cloudresourcemanager.googleapis.com/v1/projects/plums-9f5fa:testIamPermissions {"permissions":["firebase.projects.get","firebasehosting.sites.update"]}
[debug] [2023-11-28T17:59:36.570Z] >>> [apiv2][query] GET https://firebase.googleapis.com/v1beta1/projects/plums-9f5fa [none]
[debug] [2023-11-28T17:59:36.946Z] <<< [apiv2][status] GET https://firebase.googleapis.com/v1beta1/projects/plums-9f5fa 200
[debug] [2023-11-28T17:59:36.946Z] <<< [apiv2][body] GET https://firebase.googleapis.com/v1beta1/projects/plums-9f5fa {"projectId":"plums-9f5fa","projectNumber":"755777957305","displayName":"PLUMS","name":"projects/plums-9f5fa","resources":{"hostingSite":"plums-9f5fa"},"state":"ACTIVE","etag":"1_4f0e2d63-ba7b-4583-af4f-158619e16576"}
[info] 
   Thank you for trying our early preview of Next.js support on Firebase Hosting.
   During the preview, support is best-effort and breaking changes can be expected. Proceed with caution.

   Documentation: https://firebase.google.com/docs/hosting/frameworks/nextjs
   File a bug: https://github.com/firebase/firebase-tools/issues/new?template=bug_report.md
   Submit a feature request: https://github.com/firebase/firebase-tools/issues/new?template=feature_request.md

   We'd love to learn from you. Express your interest in helping us shape the future of Firebase Hosting: https://goo.gle/41enW5X

[info]    Creating an optimized production build ...

[info]  ✓ Compiled successfully

[info]    Linting and checking validity of types ...

[info] Failed to compile.

./src/components/homePage/form.tsx:22:25
Type error: Parameter 'e' implicitly has an 'any' type.

  20 |   const selectRef = useRef();
  21 | 
> 22 |   const handleChange = (e, index) => {
     |                         ^
  23 |     const values = [...formValues];
  24 |     values[index].value = e.target.value;
  25 |     setFormValues(values);

[debug] [2023-11-28T17:59:49.127Z] Error: ENOENT: no such file or directory, open '/Users/huanglily/Documents/GitHub/plums/.next/export-marker.json'
[error] 
[error] Error: An unexpected error has occurred.
[debug] [2023-11-28T18:09:58.079Z] ----------------------------------------------------------------------
[debug] [2023-11-28T18:09:58.092Z] Command:       /Users/huanglily/.nvm/versions/node/v20.9.0/bin/node /Users/huanglily/.nvm/versions/node/v20.9.0/bin/firebase deploy
[debug] [2023-11-28T18:09:58.093Z] CLI Version:   12.9.1
[debug] [2023-11-28T18:09:58.093Z] Platform:      darwin
[debug] [2023-11-28T18:09:58.093Z] Node Version:  v20.9.0
[debug] [2023-11-28T18:09:58.093Z] Time:          Tue Nov 28 2023 11:09:58 GMT-0700 (Mountain Standard Time)
[debug] [2023-11-28T18:09:58.093Z] ----------------------------------------------------------------------
[debug] 
[debug] [2023-11-28T18:09:58.151Z] > command requires scopes: ["email","openid","https://www.googleapis.com/auth/cloudplatformprojects.readonly","https://www.googleapis.com/auth/firebase","https://www.googleapis.com/auth/cloud-platform"]
[debug] [2023-11-28T18:09:58.152Z] > authorizing via signed-in user (l613426210@gmail.com)
[debug] [2023-11-28T18:09:58.152Z] [iam] checking project plums-9f5fa for permissions ["firebase.projects.get","firebasehosting.sites.update"]
[debug] [2023-11-28T18:09:58.153Z] >>> [apiv2][query] POST https://cloudresourcemanager.googleapis.com/v1/projects/plums-9f5fa:testIamPermissions [none]
[debug] [2023-11-28T18:09:58.153Z] >>> [apiv2][(partial)header] POST https://cloudresourcemanager.googleapis.com/v1/projects/plums-9f5fa:testIamPermissions x-goog-quota-user=projects/plums-9f5fa
[debug] [2023-11-28T18:09:58.154Z] >>> [apiv2][body] POST https://cloudresourcemanager.googleapis.com/v1/projects/plums-9f5fa:testIamPermissions {"permissions":["firebase.projects.get","firebasehosting.sites.update"]}
[debug] [2023-11-28T18:09:59.728Z] <<< [apiv2][status] POST https://cloudresourcemanager.googleapis.com/v1/projects/plums-9f5fa:testIamPermissions 200
[debug] [2023-11-28T18:09:59.729Z] <<< [apiv2][body] POST https://cloudresourcemanager.googleapis.com/v1/projects/plums-9f5fa:testIamPermissions {"permissions":["firebase.projects.get","firebasehosting.sites.update"]}
[debug] [2023-11-28T18:09:59.730Z] >>> [apiv2][query] GET https://firebase.googleapis.com/v1beta1/projects/plums-9f5fa [none]
[debug] [2023-11-28T18:10:00.072Z] <<< [apiv2][status] GET https://firebase.googleapis.com/v1beta1/projects/plums-9f5fa 200
[debug] [2023-11-28T18:10:00.073Z] <<< [apiv2][body] GET https://firebase.googleapis.com/v1beta1/projects/plums-9f5fa {"projectId":"plums-9f5fa","projectNumber":"755777957305","displayName":"PLUMS","name":"projects/plums-9f5fa","resources":{"hostingSite":"plums-9f5fa"},"state":"ACTIVE","etag":"1_4f0e2d63-ba7b-4583-af4f-158619e16576"}
[info] 
   Thank you for trying our early preview of Next.js support on Firebase Hosting.
   During the preview, support is best-effort and breaking changes can be expected. Proceed with caution.

   Documentation: https://firebase.google.com/docs/hosting/frameworks/nextjs
   File a bug: https://github.com/firebase/firebase-tools/issues/new?template=bug_report.md
   Submit a feature request: https://github.com/firebase/firebase-tools/issues/new?template=feature_request.md

   We'd love to learn from you. Express your interest in helping us shape the future of Firebase Hosting: https://goo.gle/41enW5X

[info]    Creating an optimized production build ...

[info]  ✓ Compiled successfully

[info]    Linting and checking validity of types ...

[info] Failed to compile.


[info] ./src/components/homePage/form.tsx:33:32
Type error: Property 'value' does not exist on type 'never'.

  31 |     const values = [...formValues];
  32 |     values.push({
> 33 |       label: inputRef.current?.value || "label",
     |                                ^
  34 |       type: selectRef.current?.value || "text",
  35 |       value: "",
  36 |     });

[debug] [2023-11-28T18:10:09.108Z] Error: ENOENT: no such file or directory, open '/Users/huanglily/Documents/GitHub/plums/.next/export-marker.json'
[error] 
[error] Error: An unexpected error has occurred.
